2024-12-29 13:58:29,050 - INFO - 当前选择的食物: 葡萄酱
2024-12-29 13:58:29,051 - INFO - 按 Ctrl+Q 可以退出程序
2024-12-29 13:58:29,052 - INFO - 可用的食物模板: ['sala', 'sala_1', '紫色浮云卷', '紫色浮云卷_1', '葡萄酱', '葡萄酱_1']
2024-12-29 13:58:29,205 - INFO - 调试图像已保存到 debug 目录
2024-12-29 13:58:29,692 - INFO - 检测到 1 个菜单按钮
2024-12-29 13:58:30,103 - INFO - 当前状态: DETECT_MENU, 菜单点击次数: 0, 检测到按钮数: 1
2024-12-29 13:58:30,439 - INFO - === 检测到遗留的完成按钮，优先处理 ===
2024-12-29 13:58:31,117 - INFO - 点击按钮: (1210.0, 556.0)
2024-12-29 13:58:31,799 - INFO - 完成按钮点击成功
2024-12-29 13:58:32,067 - INFO - 调试图像已保存到 debug 目录
2024-12-29 13:58:32,479 - INFO - 检测到 1 个菜单按钮
2024-12-29 13:58:32,936 - INFO - 当前状态: DETECT_MENU, 菜单点击次数: 0, 检测到按钮数: 2
2024-12-29 13:58:33,323 - INFO - === 检测到遗留的完成按钮，优先处理 ===
2024-12-29 13:58:34,051 - INFO - 点击按钮: (920.0, 492.0)
2024-12-29 13:58:34,763 - INFO - 开始旋转视角检测，当前菜单点击次数: 0
2024-12-29 13:58:34,763 - INFO - 第 1/4 段旋转
2024-12-29 13:58:35,897 - INFO - 旋转检测第 1 次: 检测到 2 个按钮
2024-12-29 13:58:35,897 - INFO - 首次检测未满3个按钮，继续旋转
2024-12-29 13:58:36,320 - INFO - 旋转检测第 2 次: 检测到 2 个按钮
2024-12-29 13:58:36,321 - INFO - 首次检测未满3个按钮，继续旋转
2024-12-29 13:58:36,622 - INFO - 第 2/4 段旋转
2024-12-29 13:58:37,764 - INFO - 旋转检测第 1 次: 检测到 2 个按钮
2024-12-29 13:58:37,765 - INFO - 首次检测未满3个按钮，继续旋转
2024-12-29 13:58:38,208 - INFO - 旋转检测第 2 次: 检测到 2 个按钮
2024-12-29 13:58:38,209 - INFO - 首次检测未满3个按钮，继续旋转
2024-12-29 13:58:38,510 - INFO - 第 3/4 段旋转
2024-12-29 13:58:39,666 - INFO - 旋转检测第 1 次: 检测到 2 个按钮
2024-12-29 13:58:39,666 - INFO - 首次检测未满3个按钮，继续旋转
2024-12-29 13:58:40,108 - INFO - 旋转检测第 2 次: 检测到 1 个按钮
2024-12-29 13:58:40,109 - INFO - 首次检测未满3个按钮，继续旋转
2024-12-29 13:58:40,410 - INFO - 第 4/4 段旋转
2024-12-29 13:58:41,535 - INFO - 旋转检测第 1 次: 检测到 2 个按钮
2024-12-29 13:58:41,535 - INFO - 首次检测未满3个按钮，继续旋转
2024-12-29 13:58:41,981 - INFO - 旋转检测第 2 次: 检测到 0 个按钮
2024-12-29 13:58:42,485 - INFO - 状态切换: CookingState.DETECT_MENU -> CookingState.CLICK_MENU, 当前菜单点击次数: 0
2024-12-29 13:58:42,586 - INFO - 点击菜单状态: 检测到 2 个按钮, 当前点击次数: 0
2024-12-29 13:58:42,586 - INFO - 检测到 2 个菜单按钮
2024-12-29 13:58:42,586 - INFO - 点击菜单按钮位置: (1210, 557)
2024-12-29 13:58:46,526 - INFO - [food] 未检测到食物按钮
2024-12-29 13:58:46,531 - INFO - 第 1 次验证未检测到目标按钮，等待重试
2024-12-29 13:58:49,111 - INFO - [food] 未检测到食物按钮
2024-12-29 13:58:49,116 - INFO - 第 2 次验证未检测到目标按钮，等待重试
2024-12-29 13:58:51,677 - INFO - [food] 未检测到食物按钮
2024-12-29 13:58:51,680 - WARNING - 多次验证后菜单点击未生效，返回菜单检测状态
2024-12-29 13:58:51,681 - INFO - 状态切换: CookingState.CLICK_MENU -> CookingState.DETECT_MENU, 当前菜单点击次数: 0
2024-12-29 13:58:51,948 - INFO - 调试图像已保存到 debug 目录
2024-12-29 13:58:52,345 - INFO - 检测到 1 个菜单按钮
2024-12-29 13:58:52,764 - INFO - 当前状态: DETECT_MENU, 菜单点击次数: 0, 检测到按钮数: 0
2024-12-29 13:58:53,147 - INFO - 开始旋转视角检测，当前菜单点击次数: 0
2024-12-29 13:58:53,148 - INFO - 第 1/4 段旋转
2024-12-29 13:58:54,257 - INFO - 旋转检测第 1 次: 检测到 1 个按钮
2024-12-29 13:58:54,257 - INFO - 首次检测未满3个按钮，继续旋转
2024-12-29 13:58:54,656 - INFO - 旋转检测第 2 次: 检测到 1 个按钮
2024-12-29 13:58:54,656 - INFO - 首次检测未满3个按钮，继续旋转
2024-12-29 13:58:54,959 - INFO - 第 2/4 段旋转
2024-12-29 13:58:56,067 - INFO - 旋转检测第 1 次: 检测到 1 个按钮
2024-12-29 13:58:56,068 - INFO - 首次检测未满3个按钮，继续旋转
2024-12-29 13:58:56,442 - INFO - 旋转检测第 2 次: 检测到 1 个按钮
2024-12-29 13:58:56,442 - INFO - 首次检测未满3个按钮，继续旋转
2024-12-29 13:58:56,744 - INFO - 第 3/4 段旋转
2024-12-29 13:58:57,856 - INFO - 旋转检测第 1 次: 检测到 2 个按钮
2024-12-29 13:58:57,857 - INFO - 首次检测未满3个按钮，继续旋转
2024-12-29 13:58:58,322 - INFO - 旋转检测第 2 次: 检测到 1 个按钮
2024-12-29 13:58:58,323 - INFO - 首次检测未满3个按钮，继续旋转
2024-12-29 13:58:58,624 - INFO - 第 4/4 段旋转
2024-12-29 13:58:59,725 - INFO - 旋转检测第 1 次: 检测到 2 个按钮
2024-12-29 13:58:59,725 - INFO - 首次检测未满3个按钮，继续旋转
2024-12-29 13:59:00,094 - INFO - 旋转检测第 2 次: 检测到 2 个按钮
2024-12-29 13:59:00,095 - INFO - 首次检测未满3个按钮，继续旋转
2024-12-29 13:59:00,299 - INFO - 状态切换: CookingState.DETECT_MENU -> CookingState.CLICK_MENU, 当前菜单点击次数: 0
2024-12-29 13:59:00,400 - INFO - 点击菜单状态: 检测到 0 个按钮, 当前点击次数: 0
2024-12-29 13:59:00,400 - WARNING - 未检测到菜单按钮，切换到菜单检测状态
2024-12-29 13:59:00,401 - INFO - 状态切换: CookingState.CLICK_MENU -> CookingState.DETECT_MENU, 当前菜单点击次数: 0
2024-12-29 13:59:00,670 - INFO - 调试图像已保存到 debug 目录
2024-12-29 13:59:01,092 - INFO - 检测到 2 个菜单按钮
2024-12-29 13:59:01,483 - INFO - 当前状态: DETECT_MENU, 菜单点击次数: 0, 检测到按钮数: 1
2024-12-29 13:59:01,904 - INFO - 开始旋转视角检测，当前菜单点击次数: 0
2024-12-29 13:59:01,904 - INFO - 第 1/4 段旋转
2024-12-29 13:59:03,019 - INFO - 旋转检测第 1 次: 检测到 2 个按钮
2024-12-29 13:59:03,020 - INFO - 首次检测未满3个按钮，继续旋转
2024-12-29 13:59:03,427 - INFO - 旋转检测第 2 次: 检测到 2 个按钮
2024-12-29 13:59:03,428 - INFO - 首次检测未满3个按钮，继续旋转
2024-12-29 13:59:03,728 - INFO - 第 2/4 段旋转
2024-12-29 13:59:04,860 - INFO - 旋转检测第 1 次: 检测到 3 个按钮
2024-12-29 13:59:04,860 - INFO - === 首次检测到 3 个菜单按钮，停止旋转 ===
2024-12-29 13:59:05,065 - INFO - 状态切换: CookingState.DETECT_MENU -> CookingState.CLICK_MENU, 当前菜单点击次数: 0
2024-12-29 13:59:05,166 - INFO - 点击菜单状态: 检测到 1 个按钮, 当前点击次数: 0
2024-12-29 13:59:05,166 - INFO - 检测到 1 个菜单按钮
2024-12-29 13:59:05,166 - INFO - 点击菜单按钮位置: (809, 564)
2024-12-29 13:59:06,816 - INFO - 收到退出信号
2024-12-29 13:59:07,128 - INFO - 收到退出信号
2024-12-29 13:59:07,336 - INFO - 收到退出信号
2024-12-29 13:59:07,521 - INFO - 收到退出信号
2024-12-29 13:59:07,721 - INFO - 收到退出信号
2024-12-29 13:59:07,896 - INFO - 收到退出信号
2024-12-29 13:59:08,096 - INFO - 收到退出信号
2024-12-29 13:59:08,200 - INFO - 收到退出信号
2024-12-29 13:59:08,700 - INFO - 收到退出信号
2024-12-29 13:59:08,733 - INFO - 收到退出信号
2024-12-29 13:59:08,766 - INFO - 收到退出信号
2024-12-29 13:59:08,799 - INFO - 收到退出信号
2024-12-29 13:59:08,832 - INFO - 收到退出信号
2024-12-29 13:59:08,865 - INFO - 收到退出信号
2024-12-29 13:59:08,899 - INFO - 收到退出信号
2024-12-29 13:59:08,932 - INFO - 收到退出信号
2024-12-29 13:59:08,964 - INFO - 收到退出信号
2024-12-29 13:59:08,998 - INFO - 收到退出信号
2024-12-29 13:59:09,030 - INFO - 收到退出信号
2024-12-29 13:59:09,063 - INFO - 收到退出信号
2024-12-29 13:59:09,096 - INFO - 收到退出信号
2024-12-29 13:59:09,130 - INFO - 收到退出信号
2024-12-29 13:59:09,163 - INFO - 收到退出信号
2024-12-29 13:59:09,196 - INFO - 收到退出信号
2024-12-29 13:59:09,213 - INFO - [food] 未检测到食物按钮
2024-12-29 13:59:09,218 - INFO - 第 1 次验证未检测到目标按钮，等待重试
2024-12-29 13:59:09,229 - INFO - 收到退出信号
2024-12-29 13:59:09,261 - INFO - 收到退出信号
2024-12-29 13:59:09,294 - INFO - 收到退出信号
2024-12-29 13:59:09,328 - INFO - 收到退出信号
2024-12-29 13:59:09,361 - INFO - 收到退出信号
2024-12-29 13:59:09,395 - INFO - 收到退出信号
2024-12-29 13:59:09,426 - INFO - 收到退出信号
2024-12-29 13:59:09,459 - INFO - 收到退出信号
2024-12-29 13:59:09,493 - INFO - 收到退出信号
2024-12-29 13:59:09,526 - INFO - 收到退出信号
2024-12-29 13:59:09,559 - INFO - 收到退出信号
2024-12-29 13:59:09,592 - INFO - 收到退出信号
2024-12-29 13:59:09,624 - INFO - 收到退出信号
2024-12-29 13:59:09,657 - INFO - 收到退出信号
2024-12-29 13:59:09,691 - INFO - 收到退出信号
2024-12-29 13:59:09,937 - INFO - 收到退出信号
2024-12-29 13:59:10,144 - INFO - 收到退出信号
2024-12-29 13:59:10,304 - INFO - 收到退出信号
2024-12-29 13:59:10,464 - INFO - 收到退出信号
2024-12-29 13:59:10,632 - INFO - 收到退出信号
2024-12-29 13:59:10,816 - INFO - 收到退出信号
2024-12-29 13:59:11,912 - INFO - [food] 未检测到食物按钮
2024-12-29 13:59:11,917 - INFO - 第 2 次验证未检测到目标按钮，等待重试
2024-12-29 13:59:14,566 - INFO - [food] 未检测到食物按钮
2024-12-29 13:59:14,570 - WARNING - 多次验证后菜单点击未生效，返回菜单检测状态
2024-12-29 13:59:14,570 - INFO - 状态切换: CookingState.CLICK_MENU -> CookingState.DETECT_MENU, 当前菜单点击次数: 0
2024-12-29 13:59:14,671 - INFO - 程序已退出
2024-12-29 14:20:38,637 - INFO - 当前选择的食物: 葡萄酱
2024-12-29 14:20:38,637 - INFO - 按 Ctrl+Q 可以退出程序
2024-12-29 14:20:38,637 - INFO - 可用的食物模板: ['sala', 'sala_1', '紫色浮云卷', '紫色浮云卷_1', '葡萄酱', '葡萄酱_1']
2024-12-29 14:20:39,159 - INFO - 开始旋转视角检测，当前菜单点击次数: 0
2024-12-29 14:20:39,161 - INFO - 第 1/4 段旋转
2024-12-29 14:20:40,328 - INFO - 旋转检测第 1 次: 检测到 2 个按钮
2024-12-29 14:20:40,328 - INFO - 首次检测未满3个按钮，继续旋转
2024-12-29 14:20:40,739 - INFO - 旋转检测第 2 次: 检测到 0 个按钮
2024-12-29 14:20:41,340 - INFO - 第 2/4 段旋转
2024-12-29 14:20:42,443 - INFO - 旋转检测第 1 次: 检测到 2 个按钮
2024-12-29 14:20:42,444 - INFO - 首次检测未满3个按钮，继续旋转
2024-12-29 14:20:42,812 - INFO - 旋转检测第 2 次: 检测到 2 个按钮
2024-12-29 14:20:42,813 - INFO - 首次检测未满3个按钮，继续旋转
2024-12-29 14:20:43,114 - INFO - 第 3/4 段旋转
2024-12-29 14:20:44,186 - INFO - 旋转检测第 1 次: 检测到 1 个按钮
2024-12-29 14:20:44,186 - INFO - 首次检测未满3个按钮，继续旋转
2024-12-29 14:20:44,572 - INFO - 旋转检测第 2 次: 检测到 1 个按钮
2024-12-29 14:20:44,572 - INFO - 首次检测未满3个按钮，继续旋转
2024-12-29 14:20:44,873 - INFO - 第 4/4 段旋转
2024-12-29 14:20:45,953 - INFO - 旋转检测第 1 次: 检测到 2 个按钮
2024-12-29 14:20:45,953 - INFO - 首次检测未满3个按钮，继续旋转
2024-12-29 14:20:46,327 - INFO - 旋转检测第 2 次: 检测到 1 个按钮
2024-12-29 14:20:46,328 - INFO - 首次检测未满3个按钮，继续旋转
2024-12-29 14:20:46,779 - INFO - 开始旋转视角检测，当前菜单点击次数: 0
2024-12-29 14:20:46,779 - INFO - 第 1/4 段旋转
2024-12-29 14:20:47,825 - INFO - 旋转检测第 1 次: 检测到 2 个按钮
2024-12-29 14:20:47,826 - INFO - 首次检测未满3个按钮，继续旋转
2024-12-29 14:20:48,228 - INFO - 旋转检测第 2 次: 检测到 2 个按钮
2024-12-29 14:20:48,228 - INFO - 首次检测未满3个按钮，继续旋转
2024-12-29 14:20:48,530 - INFO - 第 2/4 段旋转
2024-12-29 14:20:49,620 - INFO - 旋转检测第 1 次: 检测到 3 个按钮
2024-12-29 14:20:49,620 - INFO - === 首次检测到 3 个菜单按钮，停止旋转 ===
2024-12-29 14:20:50,101 - INFO - 开始旋转视角检测，当前菜单点击次数: 0
2024-12-29 14:20:50,102 - INFO - 第 1/4 段旋转
2024-12-29 14:20:51,206 - INFO - 旋转检测第 1 次: 检测到 2 个按钮
2024-12-29 14:20:51,206 - INFO - 首次检测未满3个按钮，继续旋转
2024-12-29 14:20:51,607 - INFO - 旋转检测第 2 次: 检测到 1 个按钮
2024-12-29 14:20:51,608 - INFO - 首次检测未满3个按钮，继续旋转
2024-12-29 14:20:51,910 - INFO - 第 2/4 段旋转
2024-12-29 14:20:53,017 - INFO - 旋转检测第 1 次: 检测到 2 个按钮
2024-12-29 14:20:53,017 - INFO - 首次检测未满3个按钮，继续旋转
2024-12-29 14:20:53,432 - INFO - 旋转检测第 2 次: 检测到 1 个按钮
2024-12-29 14:20:53,433 - INFO - 首次检测未满3个按钮，继续旋转
2024-12-29 14:20:53,734 - INFO - 第 3/4 段旋转
2024-12-29 14:20:54,820 - INFO - 旋转检测第 1 次: 检测到 2 个按钮
2024-12-29 14:20:54,821 - INFO - 首次检测未满3个按钮，继续旋转
2024-12-29 14:20:55,216 - INFO - 旋转检测第 2 次: 检测到 1 个按钮
2024-12-29 14:20:55,216 - INFO - 首次检测未满3个按钮，继续旋转
2024-12-29 14:20:55,517 - INFO - 第 4/4 段旋转
2024-12-29 14:20:56,612 - INFO - 旋转检测第 1 次: 检测到 2 个按钮
2024-12-29 14:20:56,613 - INFO - 首次检测未满3个按钮，继续旋转
2024-12-29 14:20:57,067 - INFO - 旋转检测第 2 次: 检测到 2 个按钮
2024-12-29 14:20:57,067 - INFO - 首次检测未满3个按钮，继续旋转
2024-12-29 14:20:57,558 - INFO - 开始旋转视角检测，当前菜单点击次数: 0
2024-12-29 14:20:57,559 - INFO - 第 1/4 段旋转
2024-12-29 14:20:58,631 - INFO - 旋转检测第 1 次: 检测到 3 个按钮
2024-12-29 14:20:58,631 - INFO - === 首次检测到 3 个菜单按钮，停止旋转 ===
2024-12-29 14:21:03,378 - WARNING - 按钮点击未生效: cook_menu
2024-12-29 14:21:03,848 - INFO - 开始旋转视角检测，当前菜单点击次数: 0
2024-12-29 14:21:03,849 - INFO - 第 1/4 段旋转
2024-12-29 14:21:04,877 - INFO - 旋转检测第 1 次: 检测到 0 个按钮
2024-12-29 14:21:05,531 - INFO - 旋转检测第 2 次: 检测到 0 个按钮
2024-12-29 14:21:06,133 - INFO - 第 2/4 段旋转
2024-12-29 14:21:07,175 - INFO - 旋转检测第 1 次: 检测到 0 个按钮
2024-12-29 14:21:07,847 - INFO - 旋转检测第 2 次: 检测到 0 个按钮
2024-12-29 14:21:08,448 - INFO - 第 3/4 段旋转
2024-12-29 14:21:09,530 - INFO - 旋转检测第 1 次: 检测到 3 个按钮
2024-12-29 14:21:09,531 - INFO - === 首次检测到 3 个菜单按钮，停止旋转 ===
2024-12-29 14:21:10,073 - INFO - 开始旋转视角检测，当前菜单点击次数: 0
2024-12-29 14:21:10,074 - INFO - 第 1/4 段旋转
2024-12-29 14:21:11,200 - INFO - 旋转检测第 1 次: 检测到 2 个按钮
2024-12-29 14:21:11,200 - INFO - 首次检测未满3个按钮，继续旋转
2024-12-29 14:21:11,615 - INFO - 旋转检测第 2 次: 检测到 2 个按钮
2024-12-29 14:21:11,615 - INFO - 首次检测未满3个按钮，继续旋转
2024-12-29 14:21:11,916 - INFO - 第 2/4 段旋转
2024-12-29 14:21:13,016 - INFO - 旋转检测第 1 次: 检测到 1 个按钮
2024-12-29 14:21:13,016 - INFO - 首次检测未满3个按钮，继续旋转
2024-12-29 14:21:13,414 - INFO - 旋转检测第 2 次: 检测到 2 个按钮
2024-12-29 14:21:13,415 - INFO - 首次检测未满3个按钮，继续旋转
2024-12-29 14:21:13,716 - INFO - 第 3/4 段旋转
2024-12-29 14:21:14,826 - INFO - 旋转检测第 1 次: 检测到 3 个按钮
2024-12-29 14:21:14,826 - INFO - === 首次检测到 3 个菜单按钮，停止旋转 ===
2024-12-29 14:21:19,528 - WARNING - 按钮点击未生效: cook_menu
2024-12-29 14:21:19,993 - INFO - 开始旋转视角检测，当前菜单点击次数: 0
2024-12-29 14:21:19,993 - INFO - 第 1/4 段旋转
2024-12-29 14:21:21,074 - INFO - 旋转检测第 1 次: 检测到 0 个按钮
2024-12-29 14:21:21,762 - INFO - 旋转检测第 2 次: 检测到 0 个按钮
2024-12-29 14:21:22,364 - INFO - 第 2/4 段旋转
2024-12-29 14:21:23,452 - INFO - 旋转检测第 1 次: 检测到 0 个按钮
2024-12-29 14:21:24,126 - INFO - 旋转检测第 2 次: 检测到 0 个按钮
2024-12-29 14:21:24,727 - INFO - 第 3/4 段旋转
2024-12-29 14:21:25,770 - INFO - 旋转检测第 1 次: 检测到 0 个按钮
2024-12-29 14:21:26,426 - INFO - 旋转检测第 2 次: 检测到 0 个按钮
2024-12-29 14:21:27,027 - INFO - 第 4/4 段旋转
2024-12-29 14:21:28,097 - INFO - 旋转检测第 1 次: 检测到 0 个按钮
2024-12-29 14:21:28,788 - INFO - 旋转检测第 2 次: 检测到 0 个按钮
2024-12-29 14:21:30,108 - INFO - 收到退出信号
2024-12-29 14:21:30,609 - INFO - 收到退出信号
2024-12-29 14:21:30,642 - INFO - 收到退出信号
2024-12-29 14:21:30,675 - INFO - 收到退出信号
2024-12-29 14:21:30,682 - INFO - 按钮点击成功: cook_menu
2024-12-29 14:21:30,683 - INFO - 状态切换: CookingState.DETECT_MENU -> CookingState.CLICK_MENU, 当前菜单点击次数: 0
2024-12-29 14:21:30,708 - INFO - 收到退出信号
2024-12-29 14:21:30,741 - INFO - 收到退出信号
2024-12-29 14:21:30,774 - INFO - 收到退出信号
2024-12-29 14:21:30,783 - INFO - 程序已退出
